<?xml version="1.0" encoding="UTF-8"?>
<testsuite name="museumvisit.ExtensionTest" tests="8" skipped="0" failures="0" errors="0" timestamp="2024-02-16T16:13:06" hostname="bartlomiej-MS-7B17" time="2.773">
  <properties/>
  <testcase name="two patient visitors to aquarium" classname="museumvisit.ExtensionTest" time="0.097"/>
  <testcase name="many patient visitors to small museum" classname="museumvisit.ExtensionTest" time="0.0"/>
  <testcase name="one patient and one impatient visitor to small museum" classname="museumvisit.ExtensionTest" time="0.822"/>
  <testcase name="one patient and one impatient visitor to aquarium" classname="museumvisit.ExtensionTest" time="1.85"/>
  <testcase name="two patient visitors to small museum" classname="museumvisit.ExtensionTest" time="0.001"/>
  <testcase name="many mixed-patience visitors to aquarium" classname="museumvisit.ExtensionTest" time="0.0"/>
  <testcase name="many mixed-patience visitors to small museum" classname="museumvisit.ExtensionTest" time="0.0"/>
  <testcase name="many patient visitors to aquarium" classname="museumvisit.ExtensionTest" time="0.0"/>
  <system-out><![CDATA[]]></system-out>
  <system-err><![CDATA[]]></system-err>
</testsuite>
